<?xml version="1.0" encoding="UTF-8"?>
<!-- Generated by org.testng.reporters.JUnitXMLReporter -->
<testsuite hostname="CHNMCT326196L" ignored="0" name="Test" tests="1" failures="0" timestamp="20 Sep 2020 08:24:06 GMT" time="0.047" errors="0">
  <testcase name="@BeforeClass setData" time="0.0" classname="productCatalog.Regression">
    <failure type="org.testng.TestNGException" message="
Parameter &amp;apos;Automation&amp;apos; is required by BeforeClass on method setData but has not been marked @Optional or defined
in C:\Users\somnath.banerjee03\Documents\MAB.auto\My_Avon_Business\src\test\resource\testng.xml">
      <![CDATA[org.testng.TestNGException: 
Parameter 'Automation' is required by BeforeClass on method setData but has not been marked @Optional or defined
in C:\Users\somnath.banerjee03\Documents\MAB.auto\My_Avon_Business\src\test\resource\testng.xml
... Removed 23 stack frames]]>
    </failure>
  </testcase> <!-- @BeforeClass setData -->
  <testcase name="@AfterMethod afterMethod" time="0.001" classname="wrappers.AvonWrapper">
    <failure type="java.lang.NullPointerException">
      <![CDATA[java.lang.NullPointerException
at wrappers.AvonWrapper.afterMethod(AvonWrapper.java:110)
... Removed 28 stack frames]]>
    </failure>
  </testcase> <!-- @AfterMethod afterMethod -->
  <testcase name="@AfterMethod setDataAgain" time="0.0" classname="wrappers.AvonWrapper">
    <failure type="org.testng.TestNGException" message="
Parameter &amp;apos;Automation&amp;apos; is required by AfterMethod on method setDataAgain but has not been marked @Optional or defined
in C:\Users\somnath.banerjee03\Documents\MAB.auto\My_Avon_Business\src\test\resource\testng.xml">
      <![CDATA[org.testng.TestNGException: 
Parameter 'Automation' is required by AfterMethod on method setDataAgain but has not been marked @Optional or defined
in C:\Users\somnath.banerjee03\Documents\MAB.auto\My_Avon_Business\src\test\resource\testng.xml
... Removed 25 stack frames]]>
    </failure>
  </testcase> <!-- @AfterMethod setDataAgain -->
  <testcase name="updateProfile" time="0.0" classname="productCatalog.Regression">
    <skipped/>
  </testcase> <!-- updateProfile -->
</testsuite> <!-- Test -->
